#
# There is insufficient memory for the Java Runtime Environment to continue.
# Native memory allocation (malloc) failed to allocate 1621616 bytes for Chunk::new
# Possible reasons:
#   The system is out of physical RAM or swap space
#   In 32 bit mode, the process size limit was hit
# Possible solutions:
#   Reduce memory load on the system
#   Increase physical memory or swap space
#   Check if swap backing store is full
#   Use 64 bit Java on a 64 bit OS
#   Decrease Java heap size (-Xmx/-Xms)
#   Decrease number of Java threads
#   Decrease Java thread stack sizes (-Xss)
#   Set larger code cache with -XX:ReservedCodeCacheSize=
# This output file may be truncated or incomplete.
#
#  Out of Memory Error (allocation.cpp:390), pid=7012, tid=10328
#
# JRE version: Java(TM) SE Runtime Environment (8.0_60-b27) (build 1.8.0_60-b27)
# Java VM: Java HotSpot(TM) 64-Bit Server VM (25.60-b23 mixed mode windows-amd64 compressed oops)
# Failed to write core dump. Minidumps are not enabled by default on client versions of Windows
#

---------------  T H R E A D  ---------------

Current thread (0x00000000149cd800):  JavaThread "C2 CompilerThread1" daemon [_thread_in_native, id=10328, stack(0x00000000160c0000,0x00000000161c0000)]

Stack: [0x00000000160c0000,0x00000000161c0000]
[error occurred during error reporting (printing stack bounds), id 0xc0000005]

Native frames: (J=compiled Java code, j=interpreted, Vv=VM code, C=native code)


Current CompileTask:
C2:  30087 2001   !   4       com.android.dx.cf.code.BytecodeArray::parseInstruction (2764 bytes)


---------------  P R O C E S S  ---------------

Java Threads: ( => current thread )
  0x000000001651e800 JavaThread "pool-1-thread-4" [_thread_blocked, id=4400, stack(0x0000000016cc0000,0x0000000016dc0000)]
  0x000000001651d800 JavaThread "pool-1-thread-3" [_thread_in_Java, id=9796, stack(0x0000000016bc0000,0x0000000016cc0000)]
  0x0000000016448000 JavaThread "pool-1-thread-2" [_thread_blocked, id=10212, stack(0x0000000016ac0000,0x0000000016bc0000)]
  0x0000000016447800 JavaThread "pool-2-thread-1" [_thread_blocked, id=9540, stack(0x00000000169c0000,0x0000000016ac0000)]
  0x000000001644d000 JavaThread "pool-1-thread-1" [_thread_blocked, id=9908, stack(0x00000000168c0000,0x00000000169c0000)]
  0x00000000162ca800 JavaThread "Service Thread" daemon [_thread_blocked, id=7220, stack(0x00000000166c0000,0x00000000167c0000)]
  0x00000000149dc000 JavaThread "C1 CompilerThread2" daemon [_thread_blocked, id=5160, stack(0x00000000161c0000,0x00000000162c0000)]
=>0x00000000149cd800 JavaThread "C2 CompilerThread1" daemon [_thread_in_native, id=10328, stack(0x00000000160c0000,0x00000000161c0000)]
  0x000000001497c800 JavaThread "C2 CompilerThread0" daemon [_thread_in_native, id=1144, stack(0x0000000015fc0000,0x00000000160c0000)]
  0x000000001497a800 JavaThread "Attach Listener" daemon [_thread_blocked, id=10264, stack(0x0000000015ec0000,0x0000000015fc0000)]
  0x0000000014979000 JavaThread "Signal Dispatcher" daemon [_thread_blocked, id=10280, stack(0x0000000015dc0000,0x0000000015ec0000)]
  0x00000000022a6000 JavaThread "Finalizer" daemon [_thread_blocked, id=10228, stack(0x0000000015bd0000,0x0000000015cd0000)]
  0x0000000014949000 JavaThread "Reference Handler" daemon [_thread_blocked, id=10004, stack(0x0000000015ad0000,0x0000000015bd0000)]
  0x00000000021ad800 JavaThread "main" [_thread_in_native, id=9048, stack(0x0000000002070000,0x0000000002170000)]

Other Threads:
  0x0000000014947000 VMThread [stack: 0x00000000159d0000,0x0000000015ad0000] [id=10116]
  0x00000000162c5800 WatcherThread [stack: 0x00000000167c0000,0x00000000168c0000] [id=8968]

VM state:not at safepoint (normal execution)

VM Mutex/Monitor currently owned by a thread: None

Heap:
 PSYoungGen      total 107008K, used 47566K [0x00000000eab00000, 0x00000000f5500000, 0x0000000100000000)
  eden space 85504K, 30% used [0x00000000eab00000,0x00000000ec476310,0x00000000efe80000)
  from space 21504K, 99% used [0x00000000f4000000,0x00000000f54fd6b0,0x00000000f5500000)
  to   space 26624K, 0% used [0x00000000f2100000,0x00000000f2100000,0x00000000f3b00000)
 ParOldGen       total 79360K, used 33644K [0x00000000c0000000, 0x00000000c4d80000, 0x00000000eab00000)
  object space 79360K, 42% used [0x00000000c0000000,0x00000000c20db0c0,0x00000000c4d80000)
 Metaspace       used 6041K, capacity 7152K, committed 7296K, reserved 1056768K
  class space    used 585K, capacity 616K, committed 640K, reserved 1048576K

Card table byte_map: [0x0000000011670000,0x0000000011880000] byte_map_base: 0x0000000011070000

Marking Bits: (ParMarkBitMap*) 0x00000000595ea5b0
 Begin Bits: [0x0000000011de0000, 0x0000000012de0000)
 End Bits:   [0x0000000012de0000, 0x0000000013de0000)

Polling page: 0x0000000000ab0000

CodeCache: size=245760Kb used=8516Kb max_used=8588Kb free=237243Kb
 bounds [0x00000000022b0000, 0x0000000002b20000, 0x00000000112b0000]
 total_blobs=2081 nmethods=1819 adapters=175
 compilation: enabled

Compilation events (10 events):
Event: 30.034 Thread 0x00000000149dc000 nmethod 2015 0x0000000002b07610 code [0x0000000002b078c0, 0x0000000002b08338]
Event: 30.036 Thread 0x00000000149dc000 2017       2       java.util.concurrent.locks.ReentrantLock$Sync::tryRelease (45 bytes)
Event: 30.037 Thread 0x00000000149dc000 nmethod 2017 0x00000000023b8790 code [0x00000000023b8900, 0x00000000023b8b48]
Event: 30.038 Thread 0x00000000149dc000 2016       2       com.android.dx.cf.direct.MemberListParser::parseIfNecessary (12 bytes)
Event: 30.038 Thread 0x00000000149dc000 nmethod 2016 0x00000000023bc190 code [0x00000000023bc300, 0x00000000023bc488]
Event: 30.040 Thread 0x00000000149dc000 2019       2       com.android.dx.cf.direct.DirectClassFile::getThisClass (9 bytes)
Event: 30.041 Thread 0x00000000149dc000 nmethod 2019 0x00000000023ea310 code [0x00000000023ea480, 0x00000000023ea608]
Event: 30.042 Thread 0x00000000149dc000 2020       2       com.android.dx.cf.code.Ropper::<init> (213 bytes)
Event: 30.047 Thread 0x00000000149dc000 nmethod 2020 0x0000000002b02b50 code [0x0000000002b02da0, 0x0000000002b03a18]
Event: 30.047 Thread 0x00000000149dc000 2022   !   2       com.android.dx.cf.code.BasicBlocker::doit (156 bytes)

GC Heap History (10 events):
Event: 7.744 GC heap before
{Heap before GC invocations=3 (full 0):
 PSYoungGen      total 35328K, used 35300K [0x00000000eab00000, 0x00000000ed000000, 0x0000000100000000)
  eden space 32768K, 100% used [0x00000000eab00000,0x00000000ecb00000,0x00000000ecb00000)
  from space 2560K, 98% used [0x00000000ecd80000,0x00000000ecff90e0,0x00000000ed000000)
  to   space 2560K, 0% used [0x00000000ecb00000,0x00000000ecb00000,0x00000000ecd80000)
 ParOldGen       total 44032K, used 4243K [0x00000000c0000000, 0x00000000c2b00000, 0x00000000eab00000)
  object space 44032K, 9% used [0x00000000c0000000,0x00000000c0424d68,0x00000000c2b00000)
 Metaspace       used 5875K, capacity 7024K, committed 7296K, reserved 1056768K
  class space    used 581K, capacity 616K, committed 640K, reserved 1048576K
Event: 8.501 GC heap after
Heap after GC invocations=3 (full 0):
 PSYoungGen      total 35328K, used 2553K [0x00000000eab00000, 0x00000000ef000000, 0x0000000100000000)
  eden space 32768K, 0% used [0x00000000eab00000,0x00000000eab00000,0x00000000ecb00000)
  from space 2560K, 99% used [0x00000000ecb00000,0x00000000ecd7e4c0,0x00000000ecd80000)
  to   space 2560K, 0% used [0x00000000eed80000,0x00000000eed80000,0x00000000ef000000)
 ParOldGen       total 44032K, used 9718K [0x00000000c0000000, 0x00000000c2b00000, 0x00000000eab00000)
  object space 44032K, 22% used [0x00000000c0000000,0x00000000c097db28,0x00000000c2b00000)
 Metaspace       used 5875K, capacity 7024K, committed 7296K, reserved 1056768K
  class space    used 581K, capacity 616K, committed 640K, reserved 1048576K
}
Event: 11.464 GC heap before
{Heap before GC invocations=4 (full 0):
 PSYoungGen      total 35328K, used 35321K [0x00000000eab00000, 0x00000000ef000000, 0x0000000100000000)
  eden space 32768K, 100% used [0x00000000eab00000,0x00000000ecb00000,0x00000000ecb00000)
  from space 2560K, 99% used [0x00000000ecb00000,0x00000000ecd7e4c0,0x00000000ecd80000)
  to   space 2560K, 0% used [0x00000000eed80000,0x00000000eed80000,0x00000000ef000000)
 ParOldGen       total 44032K, used 9718K [0x00000000c0000000, 0x00000000c2b00000, 0x00000000eab00000)
  object space 44032K, 22% used [0x00000000c0000000,0x00000000c097db28,0x00000000c2b00000)
 Metaspace       used 5941K, capacity 7024K, committed 7296K, reserved 1056768K
  class space    used 583K, capacity 616K, committed 640K, reserved 1048576K
Event: 12.470 GC heap after
Heap after GC invocations=4 (full 0):
 PSYoungGen      total 68096K, used 2551K [0x00000000eab00000, 0x00000000ef000000, 0x0000000100000000)
  eden space 65536K, 0% used [0x00000000eab00000,0x00000000eab00000,0x00000000eeb00000)
  from space 2560K, 99% used [0x00000000eed80000,0x00000000eeffdfc0,0x00000000ef000000)
  to   space 2560K, 0% used [0x00000000eeb00000,0x00000000eeb00000,0x00000000eed80000)
 ParOldGen       total 44032K, used 16610K [0x00000000c0000000, 0x00000000c2b00000, 0x00000000eab00000)
  object space 44032K, 37% used [0x00000000c0000000,0x00000000c1038980,0x00000000c2b00000)
 Metaspace       used 5941K, capacity 7024K, committed 7296K, reserved 1056768K
  class space    used 583K, capacity 616K, committed 640K, reserved 1048576K
}
Event: 18.753 GC heap before
{Heap before GC invocations=5 (full 0):
 PSYoungGen      total 68096K, used 68087K [0x00000000eab00000, 0x00000000ef000000, 0x0000000100000000)
  eden space 65536K, 100% used [0x00000000eab00000,0x00000000eeb00000,0x00000000eeb00000)
  from space 2560K, 99% used [0x00000000eed80000,0x00000000eeffdfc0,0x00000000ef000000)
  to   space 2560K, 0% used [0x00000000eeb00000,0x00000000eeb00000,0x00000000eed80000)
 ParOldGen       total 44032K, used 16610K [0x00000000c0000000, 0x00000000c2b00000, 0x00000000eab00000)
  object space 44032K, 37% used [0x00000000c0000000,0x00000000c1038980,0x00000000c2b00000)
 Metaspace       used 5974K, capacity 7088K, committed 7296K, reserved 1056768K
  class space    used 585K, capacity 616K, committed 640K, reserved 1048576K
Event: 19.582 GC heap after
Heap after GC invocations=5 (full 0):
 PSYoungGen      total 68096K, used 2535K [0x00000000eab00000, 0x00000000f5500000, 0x0000000100000000)
  eden space 65536K, 0% used [0x00000000eab00000,0x00000000eab00000,0x00000000eeb00000)
  from space 2560K, 99% used [0x00000000eeb00000,0x00000000eed79fb0,0x00000000eed80000)
  to   space 21504K, 0% used [0x00000000f4000000,0x00000000f4000000,0x00000000f5500000)
 ParOldGen       total 44032K, used 37500K [0x00000000c0000000, 0x00000000c2b00000, 0x00000000eab00000)
  object space 44032K, 85% used [0x00000000c0000000,0x00000000c249f1f0,0x00000000c2b00000)
 Metaspace       used 5974K, capacity 7088K, committed 7296K, reserved 1056768K
  class space    used 585K, capacity 616K, committed 640K, reserved 1048576K
}
Event: 19.582 GC heap before
{Heap before GC invocations=6 (full 1):
 PSYoungGen      total 68096K, used 2535K [0x00000000eab00000, 0x00000000f5500000, 0x0000000100000000)
  eden space 65536K, 0% used [0x00000000eab00000,0x00000000eab00000,0x00000000eeb00000)
  from space 2560K, 99% used [0x00000000eeb00000,0x00000000eed79fb0,0x00000000eed80000)
  to   space 21504K, 0% used [0x00000000f4000000,0x00000000f4000000,0x00000000f5500000)
 ParOldGen       total 44032K, used 37500K [0x00000000c0000000, 0x00000000c2b00000, 0x00000000eab00000)
  object space 44032K, 85% used [0x00000000c0000000,0x00000000c249f1f0,0x00000000c2b00000)
 Metaspace       used 5974K, capacity 7088K, committed 7296K, reserved 1056768K
  class space    used 585K, capacity 616K, committed 640K, reserved 1048576K
Event: 26.394 GC heap after
Heap after GC invocations=6 (full 1):
 PSYoungGen      total 68096K, used 0K [0x00000000eab00000, 0x00000000f5500000, 0x0000000100000000)
  eden space 65536K, 0% used [0x00000000eab00000,0x00000000eab00000,0x00000000eeb00000)
  from space 2560K, 0% used [0x00000000eeb00000,0x00000000eeb00000,0x00000000eed80000)
  to   space 21504K, 0% used [0x00000000f4000000,0x00000000f4000000,0x00000000f5500000)
 ParOldGen       total 79360K, used 32964K [0x00000000c0000000, 0x00000000c4d80000, 0x00000000eab00000)
  object space 79360K, 41% used [0x00000000c0000000,0x00000000c20310c0,0x00000000c4d80000)
 Metaspace       used 5974K, capacity 7088K, committed 7296K, reserved 1056768K
  class space    used 585K, capacity 616K, committed 640K, reserved 1048576K
}
Event: 27.512 GC heap before
{Heap before GC invocations=7 (full 1):
 PSYoungGen      total 68096K, used 65536K [0x00000000eab00000, 0x00000000f5500000, 0x0000000100000000)
  eden space 65536K, 100% used [0x00000000eab00000,0x00000000eeb00000,0x00000000eeb00000)
  from space 2560K, 0% used [0x00000000eeb00000,0x00000000eeb00000,0x00000000eed80000)
  to   space 21504K, 0% used [0x00000000f4000000,0x00000000f4000000,0x00000000f5500000)
 ParOldGen       total 79360K, used 32964K [0x00000000c0000000, 0x00000000c4d80000, 0x00000000eab00000)
  object space 79360K, 41% used [0x00000000c0000000,0x00000000c20310c0,0x00000000c4d80000)
 Metaspace       used 6019K, capacity 7088K, committed 7296K, reserved 1056768K
  class space    used 585K, capacity 616K, committed 640K, reserved 1048576K
Event: 27.535 GC heap after
Heap after GC invocations=7 (full 1):
 PSYoungGen      total 107008K, used 21493K [0x00000000eab00000, 0x00000000f5500000, 0x0000000100000000)
  eden space 85504K, 0% used [0x00000000eab00000,0x00000000eab00000,0x00000000efe80000)
  from space 21504K, 99% used [0x00000000f4000000,0x00000000f54fd6b0,0x00000000f5500000)
  to   space 26624K, 0% used [0x00000000f2100000,0x00000000f2100000,0x00000000f3b00000)
 ParOldGen       total 79360K, used 33644K [0x00000000c0000000, 0x00000000c4d80000, 0x00000000eab00000)
  object space 79360K, 42% used [0x00000000c0000000,0x00000000c20db0c0,0x00000000c4d80000)
 Metaspace       used 6019K, capacity 7088K, committed 7296K, reserved 1056768K
  class space    used 585K, capacity 616K, committed 640K, reserved 1048576K
}

Deoptimization events (10 events):
Event: 6.120 Thread 0x0000000016448000 Uncommon trap: reason=bimorphic action=maybe_recompile pc=0x0000000002551228 method=java.util.HashMap.getNode(ILjava/lang/Object;)Ljava/util/HashMap$Node; @ 126
Event: 6.795 Thread 0x0000000016448000 Uncommon trap: reason=bimorphic action=maybe_recompile pc=0x0000000002551228 method=java.util.HashMap.getNode(ILjava/lang/Object;)Ljava/util/HashMap$Node; @ 126
Event: 9.282 Thread 0x000000001651e800 Uncommon trap: reason=unstable_if action=reinterpret pc=0x00000000027e3fec method=com.android.dx.rop.code.DexTranslationAdvice.requiresSourcesInOrder(Lcom/android/dx/rop/code/Rop;Lcom/android/dx/rop/code/RegisterSpecList;)Z @ 21
Event: 9.405 Thread 0x000000001644d000 Uncommon trap: reason=unstable_if action=reinterpret pc=0x00000000026b79bc method=com.android.dx.util.IntList.binarysearch(I)I @ 105
Event: 12.604 Thread 0x000000001651e800 Uncommon trap: reason=class_check action=maybe_recompile pc=0x0000000002922b6c method=com.android.dx.rop.cst.CstKnownNull.equals(Ljava/lang/Object;)Z @ 1
Event: 12.608 Thread 0x000000001651e800 Uncommon trap: reason=unstable_if action=reinterpret pc=0x000000000290d244 method=com.android.dx.cf.code.ByteCatchList.listFor(I)Lcom/android/dx/cf/code/ByteCatchList; @ 47
Event: 14.511 Thread 0x000000001651d800 Uncommon trap: reason=class_check action=maybe_recompile pc=0x0000000002998fb8 method=com.android.dx.ssa.SsaConverter.placePhiFunctions(Lcom/android/dx/ssa/SsaMethod;Lcom/android/dx/ssa/LocalVariableInfo;I)V @ 257
Event: 17.925 Thread 0x0000000016448000 Uncommon trap: reason=class_check action=maybe_recompile pc=0x0000000002998fb8 method=com.android.dx.ssa.SsaConverter.placePhiFunctions(Lcom/android/dx/ssa/SsaMethod;Lcom/android/dx/ssa/LocalVariableInfo;I)V @ 257
Event: 27.718 Thread 0x000000001644d000 Uncommon trap: reason=unstable_if action=reinterpret pc=0x0000000002aaef18 method=com.android.dx.dex.code.OutputFinisher.hasLocalInfo(Lcom/android/dx/dex/code/DalvInsn;)Z @ 24
Event: 27.948 Thread 0x000000001651d800 Uncommon trap: reason=unstable_if action=reinterpret pc=0x000000000264b38c method=com.android.dx.dex.code.OutputFinisher.hasLocalInfo(Lcom/android/dx/dex/code/DalvInsn;)Z @ 24

Internal exceptions (3 events):
Event: 0.310 Thread 0x00000000021ad800 Exception <a 'java/lang/NoSuchMethodError': Method sun.misc.Unsafe.defineClass(Ljava/lang/String;[BII)Ljava/lang/Class; name or signature does not match> (0x00000000eab0d478) thrown at [C:\re\workspace\8-2-build-windows-amd64-cygwin\jdk8u60\4407\hotspot\sr«»†¨¨Ÿ”?
Event: 0.310 Thread 0x00000000021ad800 Exception <a 'java/lang/NoSuchMethodError': Method sun.misc.Unsafe.prefetchRead(Ljava/lang/Object;J)V name or signature does not match> (0x00000000eab0d760) thrown at [C:\re\workspace\8-2-build-windows-amd64-cygwin\jdk8u60\4407\hotspot\src\share\vm\prims\jaÂhpß@
Event: 4.164 Thread 0x000000001651e800 Implicit null exception at 0x00000000026f316c to 0x00000000026f4f69

Events (10 events):
Event: 30.037 Thread 0x00000000149dc000 flushing nmethod 0x00000000023f0f10
Event: 30.037 Thread 0x00000000149dc000 flushing nmethod 0x00000000023f2910
Event: 30.037 Thread 0x00000000149dc000 flushing nmethod 0x00000000023ffd50
Event: 30.037 Thread 0x00000000149dc000 flushing nmethod 0x0000000002401c10
Event: 30.037 Thread 0x00000000149dc000 flushing nmethod 0x0000000002418250
Event: 30.038 Thread 0x00000000149dc000 flushing nmethod 0x000000000244b650
Event: 30.038 Thread 0x00000000149dc000 flushing nmethod 0x000000000244c4d0
Event: 30.038 Thread 0x00000000149dc000 flushing nmethod 0x0000000002453590
Event: 30.038 Thread 0x00000000149dc000 flushing nmethod 0x00000000024579d0
Event: 30.038 Thread 0x00000000149dc000 flushing nmethod 0x0000000002459110


Dynamic libraries:
0x00007ff7b04d0000 - 0x00007ff7b0507000 	C:\Program Files\Java\jdk1.8.0_60\bin\java.exe
0x00007ffc86770000 - 0x00007ffc86931000 	C:\WINDOWS\SYSTEM32\ntdll.dll
0x00007ffc83cd0000 - 0x00007ffc83d7d000 	C:\WINDOWS\system32\KERNEL32.DLL
0x00007ffc82e20000 - 0x00007ffc83008000 	C:\WINDOWS\system32\KERNELBASE.dll
0x00007ffc81580000 - 0x00007ffc815f9000 	C:\WINDOWS\system32\apphelp.dll
0x00007ffc843c0000 - 0x00007ffc84467000 	C:\WINDOWS\system32\ADVAPI32.dll
0x00007ffc84b60000 - 0x00007ffc84bfd000 	C:\WINDOWS\system32\msvcrt.dll
0x00007ffc84910000 - 0x00007ffc8496b000 	C:\WINDOWS\system32\sechost.dll
0x00007ffc84980000 - 0x00007ffc84a9c000 	C:\WINDOWS\system32\RPCRT4.dll
0x00007ffc83b70000 - 0x00007ffc83cc6000 	C:\WINDOWS\system32\USER32.dll
0x00007ffc84080000 - 0x00007ffc84206000 	C:\WINDOWS\system32\GDI32.dll
0x00007ffc75920000 - 0x00007ffc75b94000 	C:\WINDOWS\WinSxS\amd64_microsoft.windows.common-controls_6595b64144ccf1df_6.0.10586.0_none_8c15ae12515e1c22\COMCTL32.dll
0x00007ffc86340000 - 0x00007ffc865bd000 	C:\WINDOWS\system32\combase.dll
0x00007ffc83930000 - 0x00007ffc8399a000 	C:\WINDOWS\system32\bcryptPrimitives.dll
0x00007ffc86620000 - 0x00007ffc8665b000 	C:\WINDOWS\system32\IMM32.DLL
0x00000000589c0000 - 0x0000000058a92000 	C:\Program Files\Java\jdk1.8.0_60\jre\bin\msvcr100.dll
0x0000000058de0000 - 0x0000000059669000 	C:\Program Files\Java\jdk1.8.0_60\jre\bin\server\jvm.dll
0x00007ffc84970000 - 0x00007ffc84978000 	C:\WINDOWS\system32\PSAPI.DLL
0x00007ffc80e20000 - 0x00007ffc80e43000 	C:\WINDOWS\SYSTEM32\WINMM.dll
0x00007ffc77620000 - 0x00007ffc77629000 	C:\WINDOWS\SYSTEM32\WSOCK32.dll
0x00007ffc848a0000 - 0x00007ffc8490b000 	C:\WINDOWS\system32\WS2_32.dll
0x00007ffc7c410000 - 0x00007ffc7c41a000 	C:\WINDOWS\SYSTEM32\VERSION.dll
0x00007ffc80570000 - 0x00007ffc8059c000 	C:\WINDOWS\SYSTEM32\WINMMBASE.dll
0x00007ffc83140000 - 0x00007ffc83183000 	C:\WINDOWS\system32\cfgmgr32.dll
0x0000000059bd0000 - 0x0000000059bdf000 	C:\Program Files\Java\jdk1.8.0_60\jre\bin\verify.dll
0x0000000058db0000 - 0x0000000058dd9000 	C:\Program Files\Java\jdk1.8.0_60\jre\bin\java.dll
0x0000000058d90000 - 0x0000000058da6000 	C:\Program Files\Java\jdk1.8.0_60\jre\bin\zip.dll
0x00007ffc84de0000 - 0x00007ffc8633c000 	C:\WINDOWS\system32\SHELL32.dll
0x00007ffc83250000 - 0x00007ffc83894000 	C:\WINDOWS\system32\windows.storage.dll
0x00007ffc84c20000 - 0x00007ffc84c72000 	C:\WINDOWS\system32\shlwapi.dll
0x00007ffc82d90000 - 0x00007ffc82d9f000 	C:\WINDOWS\system32\kernel.appcore.dll
0x00007ffc83190000 - 0x00007ffc83245000 	C:\WINDOWS\system32\shcore.dll
0x00007ffc82da0000 - 0x00007ffc82deb000 	C:\WINDOWS\system32\powrprof.dll
0x00007ffc82e00000 - 0x00007ffc82e14000 	C:\WINDOWS\system32\profapi.dll

VM Arguments:
jvm_args: -Djava.awt.headless=true -Xmx1024M -Dfile.encoding=windows-1252 -Duser.country=US -Duser.language=en -Duser.variant 
java_command: com.android.dx.command.Main --dex --force-jumbo --num-threads=4 --output C:\Users\Jialiang\Google Drive\SCHOOL\2016 Spring\CS6825 Computer Vision\CoinDetection\app\build\intermediates\pre-dexed\debug\main_744db77d3703f267f2796d3b0709f412375e196f.jar C:\Users\Jialiang\Google Drive\SCHOOL\2016 Spring\CS6825 Computer Vision\CoinDetection\app\build\intermediates\transforms\instantRun\debug\folders\1\5\main
java_class_path (initial): C:\Users\Jialiang\AppData\Local\Android\sdk\build-tools\23.0.2\lib\dx.jar
Launcher Type: SUN_STANDARD

Environment Variables:
JAVA_HOME=C:\Program Files\Java\jdk1.8.0_60
PATH=C:\Program Files\Java\jdk1.8.0_60\bin;C:\ProgramData\Oracle\Java\javapath;C:\WINDOWS\system32;C:\WINDOWS;C:\WINDOWS\System32\Wbem;C:\WINDOWS\System32\WindowsPowerShell\v1.0\;C:\Program Files (x86)\Calibre2\;C:\Program Files\nodejs\;C:\Ruby22-x64\bin;C:\oracle\instantclient_11_2;C:\Users\Jialiang\AppData\Roaming\npm;C:\jflex-1.6.1\bin
USERNAME=Jialiang
OS=Windows_NT
PROCESSOR_IDENTIFIER=Intel64 Family 6 Model 42 Stepping 7, GenuineIntel



---------------  S Y S T E M  ---------------

OS: Windows 10.0 , 64 bit Build 10586 (10.0.10586.0)

CPU:total 4 (2 cores per cpu, 2 threads per core) family 6 model 42 stepping 7, cmov, cx8, fxsr, mmx, sse, sse2, sse3, ssse3, sse4.1, sse4.2, popcnt, avx, aes, clmul, ht, tsc, tscinvbit

Memory: 4k page, physical 4103404k(275840k free), swap 6804536k(3440k free)

vm_info: Java HotSpot(TM) 64-Bit Server VM (25.60-b23) for windows-amd64 JRE (1.8.0_60-b27), built on Aug  4 2015 11:06:27 by "java_re" with MS VC++ 10.0 (VS2010)

time: Fri May 27 12:39:21 2016
elapsed time: 30 seconds (0d 0h 0m 30s)

